# JRE version: 7.0_17-b02
# Java VM: Java HotSpot(TM) Client VM (23.7-b01 mixed mode windows-x86 )
Heap
 def new generation   total 4928K, used 4502K [0x046d0000, 0x04c20000, 0x09c20000)
  eden space 4416K,  95% used [0x046d0000, 0x04aef728, 0x04b20000)
  from space 512K,  54% used [0x04b20000, 0x04b660e8, 0x04ba0000)
  to   space 512K,   0% used [0x04ba0000, 0x04ba0000, 0x04c20000)
 tenured generation   total 10944K, used 467K [0x09c20000, 0x0a6d0000, 0x146d0000)
   the space 10944K,   4% used [0x09c20000, 0x09c94ee0, 0x09c95000, 0x0a6d0000)
 compacting perm gen  total 12288K, used 3774K [0x146d0000, 0x152d0000, 0x186d0000)
   the space 12288K,  30% used [0x146d0000, 0x14a7f838, 0x14a7fa00, 0x152d0000)
GC Heap History (4 events):
Event: 0.377 GC heap before
{Heap before GC invocations=0 (full 0):
 def new generation   total 4928K, used 4416K [0x046d0000, 0x04c20000, 0x09c20000)
  eden space 4416K, 100% used [0x046d0000, 0x04b20000, 0x04b20000)
  from space 512K,   0% used [0x04b20000, 0x04b20000, 0x04ba0000)
  to   space 512K,   0% used [0x04ba0000, 0x04ba0000, 0x04c20000)
 tenured generation   total 10944K, used 0K [0x09c20000, 0x0a6d0000, 0x146d0000)
   the space 10944K,   0% used [0x09c20000, 0x09c20000, 0x09c20200, 0x0a6d0000)
 compacting perm gen  total 12288K, used 2965K [0x146d0000, 0x152d0000, 0x186d0000)
   the space 12288K,  24% used [0x146d0000, 0x149b5468, 0x149b5600, 0x152d0000)
No shared spaces configured.
Event: 0.380 GC heap after
Heap after GC invocations=1 (full 0):
 def new generation   total 4928K, used 499K [0x046d0000, 0x04c20000, 0x09c20000)
  eden space 4416K,   0% used [0x046d0000, 0x046d0000, 0x04b20000)
  from space 512K,  97% used [0x04ba0000, 0x04c1cf68, 0x04c20000)
  to   space 512K,   0% used [0x04b20000, 0x04b20000, 0x04ba0000)
 tenured generation   total 10944K, used 0K [0x09c20000, 0x0a6d0000, 0x146d0000)
   the space 10944K,   0% used [0x09c20000, 0x09c20000, 0x09c20200, 0x0a6d0000)
 compacting perm gen  total 12288K, used 2965K [0x146d0000, 0x152d0000, 0x186d0000)
   the space 12288K,  24% used [0x146d0000, 0x149b5468, 0x149b5600, 0x152d0000)
No shared spaces configured.
}
Event: 0.539 GC heap before
{Heap before GC invocations=1 (full 0):
 def new generation   total 4928K, used 4915K [0x046d0000, 0x04c20000, 0x09c20000)
  eden space 4416K, 100% used [0x046d0000, 0x04b20000, 0x04b20000)
  from space 512K,  97% used [0x04ba0000, 0x04c1cf68, 0x04c20000)
  to   space 512K,   0% used [0x04b20000, 0x04b20000, 0x04ba0000)
 tenured generation   total 10944K, used 0K [0x09c20000, 0x0a6d0000, 0x146d0000)
   the space 10944K,   0% used [0x09c20000, 0x09c20000, 0x09c20200, 0x0a6d0000)
 compacting perm gen  total 12288K, used 3719K [0x146d0000, 0x152d0000, 0x186d0000)
   the space 12288K,  30% used [0x146d0000, 0x14a71e80, 0x14a72000, 0x152d0000)
No shared spaces configured.
Event: 0.544 GC heap after
Heap after GC invocations=2 (full 0):
 def new generation   total 4928K, used 280K [0x046d0000, 0x04c20000, 0x09c20000)
  eden space 4416K,   0% used [0x046d0000, 0x046d0000, 0x04b20000)
  from space 512K,  54% used [0x04b20000, 0x04b660e8, 0x04ba0000)
  to   space 512K,   0% used [0x04ba0000, 0x04ba0000, 0x04c20000)
 tenured generation   total 10944K, used 467K [0x09c20000, 0x0a6d0000, 0x146d0000)
   the space 10944K,   4% used [0x09c20000, 0x09c94ee0, 0x09c95000, 0x0a6d0000)
 compacting perm gen  total 12288K, used 3719K [0x146d0000, 0x152d0000, 0x186d0000)
   the space 12288K,  30% used [0x146d0000, 0x14a71e80, 0x14a72000, 0x152d0000)
No shared spaces configured.
}

