# JRE version: 7.0_17-b02
# Java VM: Java HotSpot(TM) Client VM (23.7-b01 mixed mode windows-x86 )
Heap
 def new generation   total 4928K, used 2197K [0x042f0000, 0x04840000, 0x09840000)
  eden space 4416K,  47% used [0x042f0000, 0x044fa868, 0x04740000)
  from space 512K,  21% used [0x04740000, 0x0475af00, 0x047c0000)
  to   space 512K,   0% used [0x047c0000, 0x047c0000, 0x04840000)
 tenured generation   total 10944K, used 707K [0x09840000, 0x0a2f0000, 0x142f0000)
   the space 10944K,   6% used [0x09840000, 0x098f0e00, 0x098f0e00, 0x0a2f0000)
 compacting perm gen  total 12288K, used 3990K [0x142f0000, 0x14ef0000, 0x182f0000)
   the space 12288K,  32% used [0x142f0000, 0x146d58a0, 0x146d5a00, 0x14ef0000)
GC Heap History (10 events):
Event: 16.174 GC heap before
{Heap before GC invocations=9 (full 0):
 def new generation   total 4928K, used 4512K [0x042f0000, 0x04840000, 0x09840000)
  eden space 4416K, 100% used [0x042f0000, 0x04740000, 0x04740000)
  from space 512K,  18% used [0x047c0000, 0x047d8360, 0x04840000)
  to   space 512K,   0% used [0x04740000, 0x04740000, 0x047c0000)
 tenured generation   total 10944K, used 707K [0x09840000, 0x0a2f0000, 0x142f0000)
   the space 10944K,   6% used [0x09840000, 0x098f0e00, 0x098f0e00, 0x0a2f0000)
 compacting perm gen  total 12288K, used 3982K [0x142f0000, 0x14ef0000, 0x182f0000)
   the space 12288K,  32% used [0x142f0000, 0x146d3bf0, 0x146d3c00, 0x14ef0000)
No shared spaces configured.
Event: 16.175 GC heap after
Heap after GC invocations=10 (full 0):
 def new generation   total 4928K, used 100K [0x042f0000, 0x04840000, 0x09840000)
  eden space 4416K,   0% used [0x042f0000, 0x042f0000, 0x04740000)
  from space 512K,  19% used [0x04740000, 0x047593c8, 0x047c0000)
  to   space 512K,   0% used [0x047c0000, 0x047c0000, 0x04840000)
 tenured generation   total 10944K, used 707K [0x09840000, 0x0a2f0000, 0x142f0000)
   the space 10944K,   6% used [0x09840000, 0x098f0e00, 0x098f0e00, 0x0a2f0000)
 compacting perm gen  total 12288K, used 3982K [0x142f0000, 0x14ef0000, 0x182f0000)
   the space 12288K,  32% used [0x142f0000, 0x146d3bf0, 0x146d3c00, 0x14ef0000)
No shared spaces configured.
}
Event: 16.333 GC heap before
{Heap before GC invocations=10 (full 0):
 def new generation   total 4928K, used 4516K [0x042f0000, 0x04840000, 0x09840000)
  eden space 4416K, 100% used [0x042f0000, 0x04740000, 0x04740000)
  from space 512K,  19% used [0x04740000, 0x047593c8, 0x047c0000)
  to   space 512K,   0% used [0x047c0000, 0x047c0000, 0x04840000)
 tenured generation   total 10944K, used 707K [0x09840000, 0x0a2f0000, 0x142f0000)
   the space 10944K,   6% used [0x09840000, 0x098f0e00, 0x098f0e00, 0x0a2f0000)
 compacting perm gen  total 12288K, used 3990K [0x142f0000, 0x14ef0000, 0x182f0000)
   the space 12288K,  32% used [0x142f0000, 0x146d5870, 0x146d5a00, 0x14ef0000)
No shared spaces configured.
Event: 16.334 GC heap after
Heap after GC invocations=11 (full 0):
 def new generation   total 4928K, used 106K [0x042f0000, 0x04840000, 0x09840000)
  eden space 4416K,   0% used [0x042f0000, 0x042f0000, 0x04740000)
  from space 512K,  20% used [0x047c0000, 0x047daa18, 0x04840000)
  to   space 512K,   0% used [0x04740000, 0x04740000, 0x047c0000)
 tenured generation   total 10944K, used 707K [0x09840000, 0x0a2f0000, 0x142f0000)
   the space 10944K,   6% used [0x09840000, 0x098f0e00, 0x098f0e00, 0x0a2f0000)
 compacting perm gen  total 12288K, used 3990K [0x142f0000, 0x14ef0000, 0x182f0000)
   the space 12288K,  32% used [0x142f0000, 0x146d5870, 0x146d5a00, 0x14ef0000)
No shared spaces configured.
}
Event: 16.493 GC heap before
{Heap before GC invocations=11 (full 0):
 def new generation   total 4928K, used 4522K [0x042f0000, 0x04840000, 0x09840000)
  eden space 4416K, 100% used [0x042f0000, 0x04740000, 0x04740000)
  from space 512K,  20% used [0x047c0000, 0x047daa18, 0x04840000)
  to   space 512K,   0% used [0x04740000, 0x04740000, 0x047c0000)
 tenured generation   total 10944K, used 707K [0x09840000, 0x0a2f0000, 0x142f0000)
   the space 10944K,   6% used [0x09840000, 0x098f0e00, 0x098f0e00, 0x0a2f0000)
 compacting perm gen  total 12288K, used 3990K [0x142f0000, 0x14ef0000, 0x182f0000)
   the space 12288K,  32% used [0x142f0000, 0x146d5890, 0x146d5a00, 0x14ef0000)
No shared spaces configured.
Event: 16.494 GC heap after
Heap after GC invocations=12 (full 0):
 def new generation   total 4928K, used 107K [0x042f0000, 0x04840000, 0x09840000)
  eden space 4416K,   0% used [0x042f0000, 0x042f0000, 0x04740000)
  from space 512K,  20% used [0x04740000, 0x0475acd0, 0x047c0000)
  to   space 512K,   0% used [0x047c0000, 0x047c0000, 0x04840000)
 tenured generation   total 10944K, used 707K [0x09840000, 0x0a2f0000, 0x142f0000)
   the space 10944K,   6% used [0x09840000, 0x098f0e00, 0x098f0e00, 0x0a2f0000)
 compacting perm gen  total 12288K, used 3990K [0x142f0000, 0x14ef0000, 0x182f0000)
   the space 12288K,  32% used [0x142f0000, 0x146d5890, 0x146d5a00, 0x14ef0000)
No shared spaces configured.
}
Event: 16.657 GC heap before
{Heap before GC invocations=12 (full 0):
 def new generation   total 4928K, used 4523K [0x042f0000, 0x04840000, 0x09840000)
  eden space 4416K, 100% used [0x042f0000, 0x04740000, 0x04740000)
  from space 512K,  20% used [0x04740000, 0x0475acd0, 0x047c0000)
  to   space 512K,   0% used [0x047c0000, 0x047c0000, 0x04840000)
 tenured generation   total 10944K, used 707K [0x09840000, 0x0a2f0000, 0x142f0000)
   the space 10944K,   6% used [0x09840000, 0x098f0e00, 0x098f0e00, 0x0a2f0000)
 compacting perm gen  total 12288K, used 3990K [0x142f0000, 0x14ef0000, 0x182f0000)
   the space 12288K,  32% used [0x142f0000, 0x146d58a0, 0x146d5a00, 0x14ef0000)
No shared spaces configured.
Event: 16.658 GC heap after
Heap after GC invocations=13 (full 0):
 def new generation   total 4928K, used 106K [0x042f0000, 0x04840000, 0x09840000)
  eden space 4416K,   0% used [0x042f0000, 0x042f0000, 0x04740000)
  from space 512K,  20% used [0x047c0000, 0x047daaf0, 0x04840000)
  to   space 512K,   0% used [0x04740000, 0x04740000, 0x047c0000)
 tenured generation   total 10944K, used 707K [0x09840000, 0x0a2f0000, 0x142f0000)
   the space 10944K,   6% used [0x09840000, 0x098f0e00, 0x098f0e00, 0x0a2f0000)
 compacting perm gen  total 12288K, used 3990K [0x142f0000, 0x14ef0000, 0x182f0000)
   the space 12288K,  32% used [0x142f0000, 0x146d58a0, 0x146d5a00, 0x14ef0000)
No shared spaces configured.
}
Event: 16.812 GC heap before
{Heap before GC invocations=13 (full 0):
 def new generation   total 4928K, used 4522K [0x042f0000, 0x04840000, 0x09840000)
  eden space 4416K, 100% used [0x042f0000, 0x04740000, 0x04740000)
  from space 512K,  20% used [0x047c0000, 0x047daaf0, 0x04840000)
  to   space 512K,   0% used [0x04740000, 0x04740000, 0x047c0000)
 tenured generation   total 10944K, used 707K [0x09840000, 0x0a2f0000, 0x142f0000)
   the space 10944K,   6% used [0x09840000, 0x098f0e00, 0x098f0e00, 0x0a2f0000)
 compacting perm gen  total 12288K, used 3990K [0x142f0000, 0x14ef0000, 0x182f0000)
   the space 12288K,  32% used [0x142f0000, 0x146d58a0, 0x146d5a00, 0x14ef0000)
No shared spaces configured.
Event: 16.813 GC heap after
Heap after GC invocations=14 (full 0):
 def new generation   total 4928K, used 107K [0x042f0000, 0x04840000, 0x09840000)
  eden space 4416K,   0% used [0x042f0000, 0x042f0000, 0x04740000)
  from space 512K,  21% used [0x04740000, 0x0475af00, 0x047c0000)
  to   space 512K,   0% used [0x047c0000, 0x047c0000, 0x04840000)
 tenured generation   total 10944K, used 707K [0x09840000, 0x0a2f0000, 0x142f0000)
   the space 10944K,   6% used [0x09840000, 0x098f0e00, 0x098f0e00, 0x0a2f0000)
 compacting perm gen  total 12288K, used 3990K [0x142f0000, 0x14ef0000, 0x182f0000)
   the space 12288K,  32% used [0x142f0000, 0x146d58a0, 0x146d5a00, 0x14ef0000)
No shared spaces configured.
}

